<?xml version="1.0" encoding="UTF-8"?>
<!-- Generated by org.testng.reporters.JUnitReportReporter -->
<testsuite skipped="0" hostname="Omers-MacBook-Pro.local" name="TestNGPractice.dropDownMenuHandling" tests="1" failures="0" timestamp="2020-09-22T13:54:08 EDT" time="2.902" errors="0">
  <testcase name="dropdownMenu" time="2.902" classname="TestNGPractice.dropDownMenuHandling"/>
  <system-out/>
</testsuite> <!-- TestNGPractice.dropDownMenuHandling -->
