<?xml version="1.0" encoding="UTF-8"?>
<!-- Generated by org.testng.reporters.JUnitReportReporter -->
<testsuite skipped="0" hostname="Omers-MacBook-Pro.local" name="BobIT.us.RadioButtonsDemo" tests="2" failures="0" timestamp="2020-09-29T14:35:02 EDT" time="10.246" errors="0">
  <testcase name="radioButtonDemo" time="5.190" classname="BobIT.us.RadioButtonsDemo"/>
  <system-out/>
  <testcase name="groupRadioButtonDemo" time="5.056" classname="BobIT.us.RadioButtonsDemo"/>
  <system-out/>
</testsuite> <!-- BobIT.us.RadioButtonsDemo -->
