<?xml version="1.0" encoding="UTF-8"?>
<!-- Generated by org.testng.reporters.JUnitReportReporter -->
<testsuite skipped="0" hostname="Omers-MacBook-Pro.local" name="BobIT.us.CheckBoxDemo" tests="2" failures="0" timestamp="2020-09-29T13:41:47 EDT" time="10.526" errors="0">
  <testcase name="singleCheckBox" time="4.901" classname="BobIT.us.CheckBoxDemo"/>
  <system-out/>
  <testcase name="multipleCheckBox" time="5.625" classname="BobIT.us.CheckBoxDemo"/>
  <system-out/>
</testsuite> <!-- BobIT.us.CheckBoxDemo -->
