<?xml version="1.0" encoding="UTF-8"?>
<!-- Generated by org.testng.reporters.JUnitReportReporter -->
<testsuite skipped="0" hostname="Omers-MacBook-Pro.local" name="testngBasics.ExpectedExceptions" tests="2" failures="0" timestamp="2020-10-17T10:25:02 EDT" time="0.008" errors="0">
  <testcase name="test1" time="0.007" classname="testngBasics.ExpectedExceptions"/>
  <system-out/>
  <testcase name="test2" time="0.001" classname="testngBasics.ExpectedExceptions"/>
  <system-out/>
</testsuite> <!-- testngBasics.ExpectedExceptions -->
