<?xml version="1.0" encoding="UTF-8"?>
<!-- Generated by org.testng.reporters.JUnitReportReporter -->
<testsuite skipped="0" hostname="Omers-MacBook-Pro.local" name="TestNGPractice.getTitle" tests="1" failures="0" timestamp="2020-09-22T13:48:21 EDT" time="6.221" errors="0">
  <testcase name="getTitleMethod" time="6.221" classname="TestNGPractice.getTitle"/>
  <system-out/>
</testsuite> <!-- TestNGPractice.getTitle -->
