<?xml version="1.0" encoding="UTF-8"?>
<!-- Generated by org.testng.reporters.JUnitReportReporter -->
<testsuite skipped="0" hostname="Omers-MacBook-Pro.local" name="TestNGPractice.Project1" tests="1" failures="0" timestamp="2020-09-22T13:14:16 EDT" time="5.941" errors="0">
  <testcase name="getTitle" time="5.941" classname="TestNGPractice.Project1"/>
  <system-out/>
</testsuite> <!-- TestNGPractice.Project1 -->
