<?xml version="1.0" encoding="UTF-8"?>
<!-- Generated by org.testng.reporters.JUnitReportReporter -->
<testsuite skipped="0" hostname="Omers-MacBook-Pro.local" name="Practice.JavaSE_Test" tests="1" failures="0" timestamp="2020-09-19T20:10:10 EDT" time="17.590" errors="0">
  <testcase name="Login" time="17.590" classname="Practice.JavaSE_Test"/>
  <system-out/>
</testsuite> <!-- Practice.JavaSE_Test -->
