<?xml version="1.0" encoding="UTF-8"?>
<!-- Generated by org.testng.reporters.JUnitReportReporter -->
<testsuite skipped="0" hostname="Omers-MacBook-Pro.local" name="BobIT.us.SelectDropDownList" tests="2" failures="0" timestamp="2020-09-29T15:00:54 EDT" time="15.495" errors="0">
  <testcase name="selectListDemo" time="10.800" classname="BobIT.us.SelectDropDownList"/>
  <system-out/>
  <testcase name="multiSelectListDemo" time="4.695" classname="BobIT.us.SelectDropDownList"/>
  <system-out/>
</testsuite> <!-- BobIT.us.SelectDropDownList -->
