<?xml version="1.0" encoding="UTF-8"?>
<!-- Generated by org.testng.reporters.JUnitReportReporter -->
<testsuite skipped="0" hostname="Omers-MacBook-Pro.local" name="TestNGPractice.promptBoxAlert" tests="1" failures="0" timestamp="2020-09-22T13:51:08 EDT" time="8.624" errors="0">
  <testcase name="sendKeysToPrompt" time="8.624" classname="TestNGPractice.promptBoxAlert"/>
  <system-out/>
</testsuite> <!-- TestNGPractice.promptBoxAlert -->
