<?xml version="1.0" encoding="UTF-8"?>
<!-- Generated by org.testng.reporters.JUnitReportReporter -->
<testsuite skipped="0" hostname="Omers-MacBook-Pro.local" name="BobIT.us.SimpleLoginDemo" tests="1" failures="0" timestamp="2020-09-29T12:38:15 EDT" time="5.386" errors="0">
  <testcase name="navigateToPage" time="5.386" classname="BobIT.us.SimpleLoginDemo"/>
  <system-out/>
</testsuite> <!-- BobIT.us.SimpleLoginDemo -->
