<?xml version="1.0" encoding="UTF-8"?>
<!-- Generated by org.testng.reporters.JUnitReportReporter -->
<testsuite skipped="0" hostname="Omers-MacBook-Pro.local" name="Methods.Sel_038_TestNG_1" tests="1" failures="0" timestamp="2020-09-18T15:51:50 EDT" time="7.406" errors="0">
  <testcase name="getTitle" time="7.406" classname="Methods.Sel_038_TestNG_1"/>
  <system-out/>
</testsuite> <!-- Methods.Sel_038_TestNG_1 -->
