<?xml version="1.0" encoding="UTF-8"?>
<!-- Generated by org.testng.reporters.JUnitReportReporter -->
<testsuite skipped="0" hostname="Omers-MacBook-Pro.local" name="TestNGPractice.confirmBoxAlertHandling" tests="2" failures="0" timestamp="2020-09-22T13:52:41 EDT" time="15.236" errors="0">
  <testcase name="confirmBoxOk" time="7.936" classname="TestNGPractice.confirmBoxAlertHandling"/>
  <system-out/>
  <testcase name="confirmBoxCancel" time="7.300" classname="TestNGPractice.confirmBoxAlertHandling"/>
  <system-out/>
</testsuite> <!-- TestNGPractice.confirmBoxAlertHandling -->
