<?xml version="1.0" encoding="UTF-8"?>
<!-- Generated by org.testng.reporters.JUnitReportReporter -->
<testsuite skipped="0" hostname="Omers-MacBook-Pro.local" name="BobIT.us.SingleFormDemo" tests="2" failures="0" timestamp="2020-09-29T13:22:54 EDT" time="10.392" errors="0">
  <testcase name="singleInputField" time="5.011" classname="BobIT.us.SingleFormDemo"/>
  <system-out/>
  <testcase name="TwoInputFields" time="5.381" classname="BobIT.us.SingleFormDemo"/>
  <system-out/>
</testsuite> <!-- BobIT.us.SingleFormDemo -->
