<?xml version="1.0" encoding="UTF-8"?>
<!-- Generated by org.testng.reporters.JUnitReportReporter -->
<testsuite skipped="0" hostname="Omers-MacBook-Pro.local" name="BobIT_BasicExamples.CheckBoxDemo" tests="2" failures="0" timestamp="2020-09-29T18:26:16 EDT" time="12.045" errors="0">
  <testcase name="singleCheckBox" time="5.348" classname="BobIT_BasicExamples.CheckBoxDemo"/>
  <system-out/>
  <testcase name="multipleCheckBox" time="6.697" classname="BobIT_BasicExamples.CheckBoxDemo"/>
  <system-out/>
</testsuite> <!-- BobIT_BasicExamples.CheckBoxDemo -->
