<?xml version="1.0" encoding="UTF-8"?>
<!-- Generated by org.testng.reporters.JUnitReportReporter -->
<testsuite skipped="0" hostname="Omers-MacBook-Pro.local" name="TestNGPractice.alertHandling" tests="1" failures="0" timestamp="2020-09-22T18:35:46 EDT" time="8.814" errors="0">
  <testcase name="getAlert" time="8.814" classname="TestNGPractice.alertHandling"/>
  <system-out/>
</testsuite> <!-- TestNGPractice.alertHandling -->
