<?xml version="1.0" encoding="UTF-8"?>
<!-- Generated by org.testng.reporters.JUnitReportReporter -->
<testsuite skipped="0" hostname="Omers-MacBook-Pro.local" name="testngBasics.InvoctionCount" tests="15" failures="0" timestamp="2021-01-05T09:28:35 EST" time="0.017" errors="0">
  <testcase name="createAdmin" time="0.007" classname="testngBasics.InvoctionCount"/>
  <system-out/>
  <testcase name="createAdmin" time="0.001" classname="testngBasics.InvoctionCount"/>
  <system-out/>
  <testcase name="createUser" time="0.000" classname="testngBasics.InvoctionCount"/>
  <system-out/>
  <testcase name="createAdmin" time="0.001" classname="testngBasics.InvoctionCount"/>
  <system-out/>
  <testcase name="createAdmin" time="0.001" classname="testngBasics.InvoctionCount"/>
  <system-out/>
  <testcase name="createAdmin" time="0.001" classname="testngBasics.InvoctionCount"/>
  <system-out/>
  <testcase name="createAdmin" time="0.001" classname="testngBasics.InvoctionCount"/>
  <system-out/>
  <testcase name="createAdmin" time="0.001" classname="testngBasics.InvoctionCount"/>
  <system-out/>
  <testcase name="createUser" time="0.000" classname="testngBasics.InvoctionCount"/>
  <system-out/>
  <testcase name="createUser" time="0.000" classname="testngBasics.InvoctionCount"/>
  <system-out/>
  <testcase name="createUser" time="0.000" classname="testngBasics.InvoctionCount"/>
  <system-out/>
  <testcase name="createUser" time="0.001" classname="testngBasics.InvoctionCount"/>
  <system-out/>
  <testcase name="createAdmin" time="0.001" classname="testngBasics.InvoctionCount"/>
  <system-out/>
  <testcase name="createAdmin" time="0.001" classname="testngBasics.InvoctionCount"/>
  <system-out/>
  <testcase name="createAdmin" time="0.001" classname="testngBasics.InvoctionCount"/>
  <system-out/>
</testsuite> <!-- testngBasics.InvoctionCount -->
