<?xml version="1.0" encoding="UTF-8"?>
<!-- Generated by org.testng.reporters.JUnitReportReporter -->
<testsuite skipped="0" hostname="Omers-MacBook-Pro.local" name="TestNGPractice.doubleClickAlert" tests="1" failures="0" timestamp="2020-09-22T19:00:25 EDT" time="2.821" errors="0">
  <testcase name="doubleClickAlertMethod" time="2.821" classname="TestNGPractice.doubleClickAlert"/>
  <system-out/>
</testsuite> <!-- TestNGPractice.doubleClickAlert -->
