<?xml version="1.0" encoding="UTF-8"?>
<!-- Generated by org.testng.reporters.JUnitReportReporter -->
<testsuite skipped="0" hostname="Omers-MacBook-Pro.local" name="BobIT.us.JavaScriptAlerts" tests="4" failures="0" timestamp="2020-09-29T15:35:22 EDT" time="21.267" errors="0">
  <testcase name="javaScriptAlertBox" time="4.903" classname="BobIT.us.JavaScriptAlerts"/>
  <system-out/>
  <testcase name="javaScriptConfirmBoxAccept" time="5.464" classname="BobIT.us.JavaScriptAlerts"/>
  <system-out/>
  <testcase name="javaScriptConfirmBoxDismiss" time="5.292" classname="BobIT.us.JavaScriptAlerts"/>
  <system-out/>
  <testcase name="promptboxmethod" time="5.608" classname="BobIT.us.JavaScriptAlerts"/>
  <system-out/>
</testsuite> <!-- BobIT.us.JavaScriptAlerts -->
