<?xml version="1.0" encoding="UTF-8"?>
<!-- Generated by org.testng.reporters.JUnitReportReporter -->
<testsuite skipped="0" hostname="Omers-MacBook-Pro.local" name="TestNGPractice.Project2" tests="1" failures="0" timestamp="2020-09-22T13:10:53 EDT" time="7.743" errors="0">
  <testcase name="getAlert" time="7.743" classname="TestNGPractice.Project2"/>
  <system-out/>
</testsuite> <!-- TestNGPractice.Project2 -->
