<?xml version="1.0" encoding="UTF-8"?>
<!-- Generated by org.testng.reporters.JUnitReportReporter -->
<testsuite skipped="0" hostname="Omers-MacBook-Pro.local" name="BobIT.us.WindowPopUpModal" tests="2" failures="0" timestamp="2020-09-29T17:53:08 EDT" time="14.592" errors="0">
  <testcase name="twitterPopuP" time="6.839" classname="BobIT.us.WindowPopUpModal"/>
  <system-out/>
  <testcase name="instagramPopuP" time="7.753" classname="BobIT.us.WindowPopUpModal"/>
  <system-out/>
</testsuite> <!-- BobIT.us.WindowPopUpModal -->
